

Started GET "/" for 127.0.0.1 at 2014-08-10 22:38:59 +0900
Processing by Rails::WelcomeController#index as HTML
  Rendered /Library/Ruby/Gems/2.0.0/gems/railties-4.1.4/lib/rails/templates/rails/welcome/index.html.erb (1.0ms)
Completed 200 OK in 23ms (Views: 4.4ms | ActiveRecord: 0.0ms)


Started GET "/" for 127.0.0.1 at 2014-08-10 22:58:26 +0900

ActiveRecord::PendingMigrationError (

Migrations are pending. To resolve this issue, run:

	bin/rake db:migrate RAILS_ENV=development

):
  activerecord (4.1.4) lib/active_record/migration.rb:389:in `check_pending!'
  activerecord (4.1.4) lib/active_record/migration.rb:377:in `call'
  actionpack (4.1.4) lib/action_dispatch/middleware/callbacks.rb:29:in `block in call'
  activesupport (4.1.4) lib/active_support/callbacks.rb:82:in `run_callbacks'
  actionpack (4.1.4) lib/action_dispatch/middleware/callbacks.rb:27:in `call'
  actionpack (4.1.4) lib/action_dispatch/middleware/reloader.rb:73:in `call'
  actionpack (4.1.4) lib/action_dispatch/middleware/remote_ip.rb:76:in `call'
  actionpack (4.1.4) lib/action_dispatch/middleware/debug_exceptions.rb:17:in `call'
  actionpack (4.1.4) lib/action_dispatch/middleware/show_exceptions.rb:30:in `call'
  railties (4.1.4) lib/rails/rack/logger.rb:38:in `call_app'
  railties (4.1.4) lib/rails/rack/logger.rb:20:in `block in call'
  activesupport (4.1.4) lib/active_support/tagged_logging.rb:68:in `block in tagged'
  activesupport (4.1.4) lib/active_support/tagged_logging.rb:26:in `tagged'
  activesupport (4.1.4) lib/active_support/tagged_logging.rb:68:in `tagged'
  railties (4.1.4) lib/rails/rack/logger.rb:20:in `call'
  actionpack (4.1.4) lib/action_dispatch/middleware/request_id.rb:21:in `call'
  rack (1.5.2) lib/rack/methodoverride.rb:21:in `call'
  rack (1.5.2) lib/rack/runtime.rb:17:in `call'
  activesupport (4.1.4) lib/active_support/cache/strategy/local_cache_middleware.rb:26:in `call'
  rack (1.5.2) lib/rack/lock.rb:17:in `call'
  actionpack (4.1.4) lib/action_dispatch/middleware/static.rb:64:in `call'
  rack (1.5.2) lib/rack/sendfile.rb:112:in `call'
  railties (4.1.4) lib/rails/engine.rb:514:in `call'
  railties (4.1.4) lib/rails/application.rb:144:in `call'
  rack (1.5.2) lib/rack/lock.rb:17:in `call'
  rack (1.5.2) lib/rack/content_length.rb:14:in `call'
  rack (1.5.2) lib/rack/handler/webrick.rb:60:in `service'
  /System/Library/Frameworks/Ruby.framework/Versions/2.0/usr/lib/ruby/2.0.0/webrick/httpserver.rb:138:in `service'
  /System/Library/Frameworks/Ruby.framework/Versions/2.0/usr/lib/ruby/2.0.0/webrick/httpserver.rb:94:in `run'
  /System/Library/Frameworks/Ruby.framework/Versions/2.0/usr/lib/ruby/2.0.0/webrick/server.rb:295:in `block in start_thread'


  Rendered /Library/Ruby/Gems/2.0.0/gems/actionpack-4.1.4/lib/action_dispatch/middleware/templates/rescues/_source.erb (0.6ms)
  Rendered /Library/Ruby/Gems/2.0.0/gems/actionpack-4.1.4/lib/action_dispatch/middleware/templates/rescues/_trace.html.erb (0.9ms)
  Rendered /Library/Ruby/Gems/2.0.0/gems/actionpack-4.1.4/lib/action_dispatch/middleware/templates/rescues/_request_and_response.html.erb (0.7ms)
  Rendered /Library/Ruby/Gems/2.0.0/gems/actionpack-4.1.4/lib/action_dispatch/middleware/templates/rescues/diagnostics.erb within rescues/layout (17.3ms)
  [1m[36m (17.7ms)[0m  [1mCREATE TABLE "schema_migrations" ("version" varchar(255) NOT NULL) [0m
  [1m[35m (0.1ms)[0m  select sqlite_version(*)
  [1m[36m (1.2ms)[0m  [1mCREATE UNIQUE INDEX "unique_schema_migrations" ON "schema_migrations" ("version")[0m
  [1m[35mActiveRecord::SchemaMigration Load (0.1ms)[0m  SELECT "schema_migrations".* FROM "schema_migrations"
Migrating to CreateComments (20140810134209)
  [1m[36m (0.1ms)[0m  [1mbegin transaction[0m
  [1m[35m (0.3ms)[0m  CREATE TABLE "comments" ("id" INTEGER PRIMARY KEY AUTOINCREMENT NOT NULL, "created_at" datetime, "updated_at" datetime) 
  [1m[36mSQL (0.1ms)[0m  [1mINSERT INTO "schema_migrations" ("version") VALUES (?)[0m  [["version", "20140810134209"]]
  [1m[35m (0.7ms)[0m  commit transaction
Migrating to CreateLines (20140810134215)
  [1m[36m (0.1ms)[0m  [1mbegin transaction[0m
  [1m[35m (0.3ms)[0m  CREATE TABLE "lines" ("id" INTEGER PRIMARY KEY AUTOINCREMENT NOT NULL, "created_at" datetime, "updated_at" datetime) 
  [1m[36mSQL (0.1ms)[0m  [1mINSERT INTO "schema_migrations" ("version") VALUES (?)[0m  [["version", "20140810134215"]]
  [1m[35m (0.7ms)[0m  commit transaction
Migrating to CreateVotes (20140810134713)
  [1m[36m (0.1ms)[0m  [1mbegin transaction[0m
  [1m[35m (0.3ms)[0m  CREATE TABLE "votes" ("id" INTEGER PRIMARY KEY AUTOINCREMENT NOT NULL, "created_at" datetime, "updated_at" datetime) 
  [1m[36mSQL (0.1ms)[0m  [1mINSERT INTO "schema_migrations" ("version") VALUES (?)[0m  [["version", "20140810134713"]]
  [1m[35m (0.8ms)[0m  commit transaction
  [1m[36mActiveRecord::SchemaMigration Load (0.1ms)[0m  [1mSELECT "schema_migrations".* FROM "schema_migrations"[0m


Started GET "/" for 127.0.0.1 at 2014-08-10 22:59:05 +0900
  [1m[36mActiveRecord::SchemaMigration Load (0.1ms)[0m  [1mSELECT "schema_migrations".* FROM "schema_migrations"[0m
Processing by HomeController#index as HTML
  Rendered home/index.html.erb within layouts/application (0.4ms)
Completed 200 OK in 997ms (Views: 996.0ms | ActiveRecord: 0.0ms)


Started GET "/assets/comment.css?body=1" for 127.0.0.1 at 2014-08-10 22:59:06 +0900


Started GET "/assets/home.css?body=1" for 127.0.0.1 at 2014-08-10 22:59:06 +0900


Started GET "/assets/line.css?body=1" for 127.0.0.1 at 2014-08-10 22:59:06 +0900


Started GET "/assets/vote.css?body=1" for 127.0.0.1 at 2014-08-10 22:59:06 +0900


Started GET "/assets/application.css?body=1" for 127.0.0.1 at 2014-08-10 22:59:06 +0900


Started GET "/assets/jquery.js?body=1" for 127.0.0.1 at 2014-08-10 22:59:06 +0900


Started GET "/assets/turbolinks.js?body=1" for 127.0.0.1 at 2014-08-10 22:59:06 +0900


Started GET "/assets/home.js?body=1" for 127.0.0.1 at 2014-08-10 22:59:06 +0900


Started GET "/assets/vote.js?body=1" for 127.0.0.1 at 2014-08-10 22:59:06 +0900


Started GET "/assets/line.js?body=1" for 127.0.0.1 at 2014-08-10 22:59:06 +0900


Started GET "/assets/jquery_ujs.js?body=1" for 127.0.0.1 at 2014-08-10 22:59:06 +0900


Started GET "/assets/comment.js?body=1" for 127.0.0.1 at 2014-08-10 22:59:06 +0900


Started GET "/assets/application.js?body=1" for 127.0.0.1 at 2014-08-10 22:59:06 +0900


Started GET "/" for 127.0.0.1 at 2014-08-10 22:59:32 +0900
Processing by HomeController#index as HTML
  Rendered home/index.html.erb within layouts/application (0.3ms)
Completed 200 OK in 5ms (Views: 4.6ms | ActiveRecord: 0.0ms)


Started GET "/assets/home.css?body=1" for 127.0.0.1 at 2014-08-10 22:59:32 +0900


Started GET "/assets/comment.css?body=1" for 127.0.0.1 at 2014-08-10 22:59:32 +0900


Started GET "/assets/application.css?body=1" for 127.0.0.1 at 2014-08-10 22:59:32 +0900


Started GET "/assets/vote.css?body=1" for 127.0.0.1 at 2014-08-10 22:59:32 +0900


Started GET "/assets/jquery.js?body=1" for 127.0.0.1 at 2014-08-10 22:59:32 +0900


Started GET "/assets/jquery_ujs.js?body=1" for 127.0.0.1 at 2014-08-10 22:59:32 +0900


Started GET "/assets/line.css?body=1" for 127.0.0.1 at 2014-08-10 22:59:32 +0900


Started GET "/assets/turbolinks.js?body=1" for 127.0.0.1 at 2014-08-10 22:59:32 +0900


Started GET "/assets/comment.js?body=1" for 127.0.0.1 at 2014-08-10 22:59:32 +0900


Started GET "/assets/home.js?body=1" for 127.0.0.1 at 2014-08-10 22:59:32 +0900


Started GET "/assets/line.js?body=1" for 127.0.0.1 at 2014-08-10 22:59:32 +0900


Started GET "/assets/vote.js?body=1" for 127.0.0.1 at 2014-08-10 22:59:32 +0900


Started GET "/assets/application.js?body=1" for 127.0.0.1 at 2014-08-10 22:59:32 +0900
  [1m[36mActiveRecord::SchemaMigration Load (0.1ms)[0m  [1mSELECT "schema_migrations".* FROM "schema_migrations"[0m
  [1m[36mActiveRecord::SchemaMigration Load (0.1ms)[0m  [1mSELECT "schema_migrations".* FROM "schema_migrations"[0m
  [1m[35mActiveRecord::SchemaMigration Load (0.1ms)[0m  SELECT "schema_migrations".* FROM "schema_migrations"
  [1m[36mLine Load (0.9ms)[0m  [1mSELECT "lines".* FROM "lines"[0m
  [1m[36mLine Load (1.4ms)[0m  [1mSELECT "lines".* FROM "lines"[0m
  [1m[36mActiveRecord::SchemaMigration Load (0.1ms)[0m  [1mSELECT "schema_migrations".* FROM "schema_migrations"[0m
  [1m[36mActiveRecord::SchemaMigration Load (0.2ms)[0m  [1mSELECT "schema_migrations".* FROM "schema_migrations"[0m
  [1m[36mActiveRecord::SchemaMigration Load (0.1ms)[0m  [1mSELECT "schema_migrations".* FROM "schema_migrations"[0m
  [1m[35mActiveRecord::SchemaMigration Load (0.1ms)[0m  SELECT "schema_migrations".* FROM "schema_migrations"
  [1m[36mActiveRecord::SchemaMigration Load (0.2ms)[0m  [1mSELECT "schema_migrations".* FROM "schema_migrations"[0m
  [1m[36m (9.2ms)[0m  [1mCREATE TABLE "schema_migrations" ("version" varchar(255) NOT NULL) [0m
  [1m[35m (0.1ms)[0m  select sqlite_version(*)
  [1m[36m (0.9ms)[0m  [1mCREATE UNIQUE INDEX "unique_schema_migrations" ON "schema_migrations" ("version")[0m
  [1m[35mActiveRecord::SchemaMigration Load (0.1ms)[0m  SELECT "schema_migrations".* FROM "schema_migrations"
Migrating to CreateComments (20140810134209)
  [1m[36m (0.1ms)[0m  [1mbegin transaction[0m
  [1m[35m (0.3ms)[0m  CREATE TABLE "comments" ("id" INTEGER PRIMARY KEY AUTOINCREMENT NOT NULL, "content" varchar(255), "voteable_id" integer, "voteable_type" varchar(255), "line_id" integer, "created_at" datetime, "updated_at" datetime) 
  [1m[36mSQL (0.1ms)[0m  [1mINSERT INTO "schema_migrations" ("version") VALUES (?)[0m  [["version", "20140810134209"]]
  [1m[35m (0.9ms)[0m  commit transaction
Migrating to CreateLines (20140810134215)
  [1m[36m (0.1ms)[0m  [1mbegin transaction[0m
  [1m[35m (0.1ms)[0m  rollback transaction
  [1m[36m (9.3ms)[0m  [1mCREATE TABLE "schema_migrations" ("version" varchar(255) NOT NULL) [0m
  [1m[35m (0.1ms)[0m  select sqlite_version(*)
  [1m[36m (0.8ms)[0m  [1mCREATE UNIQUE INDEX "unique_schema_migrations" ON "schema_migrations" ("version")[0m
  [1m[35mActiveRecord::SchemaMigration Load (0.1ms)[0m  SELECT "schema_migrations".* FROM "schema_migrations"
Migrating to CreateComments (20140810134209)
  [1m[36m (0.1ms)[0m  [1mbegin transaction[0m
  [1m[35m (0.3ms)[0m  CREATE TABLE "comments" ("id" INTEGER PRIMARY KEY AUTOINCREMENT NOT NULL, "content" varchar(255), "voteable_id" integer, "voteable_type" varchar(255), "line_id" integer, "created_at" datetime, "updated_at" datetime) 
  [1m[36mSQL (0.1ms)[0m  [1mINSERT INTO "schema_migrations" ("version") VALUES (?)[0m  [["version", "20140810134209"]]
  [1m[35m (1.1ms)[0m  commit transaction
Migrating to CreateLines (20140810134215)
  [1m[36m (0.1ms)[0m  [1mbegin transaction[0m
  [1m[35m (0.3ms)[0m  CREATE TABLE "lines" ("id" INTEGER PRIMARY KEY AUTOINCREMENT NOT NULL, "content" varchar(255), "voteable_id" integer, "voteable_type" varchar(255), "created_at" datetime, "updated_at" datetime) 
  [1m[36mSQL (0.2ms)[0m  [1mINSERT INTO "schema_migrations" ("version") VALUES (?)[0m  [["version", "20140810134215"]]
  [1m[35m (0.8ms)[0m  commit transaction
Migrating to CreateVotes (20140810134713)
  [1m[36m (0.1ms)[0m  [1mbegin transaction[0m
  [1m[35m (0.3ms)[0m  CREATE TABLE "votes" ("id" INTEGER PRIMARY KEY AUTOINCREMENT NOT NULL, "voteable_id" integer, "voteable_type" varchar(255), "value" integer DEFAULT 1, "created_at" datetime, "updated_at" datetime) 
  [1m[36mSQL (0.1ms)[0m  [1mINSERT INTO "schema_migrations" ("version") VALUES (?)[0m  [["version", "20140810134713"]]
  [1m[35m (0.7ms)[0m  commit transaction
  [1m[36mActiveRecord::SchemaMigration Load (0.1ms)[0m  [1mSELECT "schema_migrations".* FROM "schema_migrations"[0m
  [1m[36mLine Load (1.2ms)[0m  [1mSELECT "lines".* FROM "lines"[0m
  [1m[36mActiveRecord::SchemaMigration Load (0.2ms)[0m  [1mSELECT "schema_migrations".* FROM "schema_migrations"[0m
  [1m[35m (0.0ms)[0m  begin transaction
  [1m[36mSQL (0.3ms)[0m  [1mINSERT INTO "lines" ("content", "created_at", "updated_at") VALUES (?, ?, ?)[0m  [["content", "ç™½ã„ç ‚æµœã®æµ·å²¸ã§è¦‹ã¤ã‘ãŸè²æ®»ã‚’"], ["created_at", "2014-08-10 14:37:11.044854"], ["updated_at", "2014-08-10 14:37:11.044854"]]
  [1m[35m (1.1ms)[0m  commit transaction
  [1m[36m (0.1ms)[0m  [1mbegin transaction[0m
  [1m[35mSQL (0.2ms)[0m  INSERT INTO "lines" ("content", "created_at", "updated_at") VALUES (?, ?, ?)  [["content", "æ¼†é»’ã®æµ·ã«æŠ•ã’ãŸ"], ["created_at", "2014-08-10 14:37:11.057555"], ["updated_at", "2014-08-10 14:37:11.057555"]]
  [1m[36m (0.8ms)[0m  [1mcommit transaction[0m
  [1m[35m (0.1ms)[0m  begin transaction
  [1m[36mSQL (0.2ms)[0m  [1mINSERT INTO "lines" ("content", "created_at", "updated_at") VALUES (?, ?, ?)[0m  [["content", "ã‚ã®æ—¥ã®é¢¨ã¯ç¢ºã‹ã«"], ["created_at", "2014-08-10 14:37:11.059989"], ["updated_at", "2014-08-10 14:37:11.059989"]]
  [1m[35m (0.9ms)[0m  commit transaction
  [1m[36m (0.1ms)[0m  [1mbegin transaction[0m
  [1m[35mSQL (0.2ms)[0m  INSERT INTO "lines" ("content", "created_at", "updated_at") VALUES (?, ?, ?)  [["content", "å›ã®é ¬ã‚’æ’«ã§ã¦ã„ãŸã®ã•"], ["created_at", "2014-08-10 14:37:11.062386"], ["updated_at", "2014-08-10 14:37:11.062386"]]
  [1m[36m (0.9ms)[0m  [1mcommit transaction[0m
  [1m[35m (0.1ms)[0m  begin transaction
  [1m[36mSQL (0.2ms)[0m  [1mINSERT INTO "lines" ("content", "created_at", "updated_at") VALUES (?, ?, ?)[0m  [["content", ""], ["created_at", "2014-08-10 14:37:11.064746"], ["updated_at", "2014-08-10 14:37:11.064746"]]
  [1m[35m (0.8ms)[0m  commit transaction
  [1m[36m (0.0ms)[0m  [1mbegin transaction[0m
  [1m[35mSQL (0.2ms)[0m  INSERT INTO "lines" ("content", "created_at", "updated_at") VALUES (?, ?, ?)  [["content", ""], ["created_at", "2014-08-10 14:37:11.066672"], ["updated_at", "2014-08-10 14:37:11.066672"]]
  [1m[36m (0.7ms)[0m  [1mcommit transaction[0m
  [1m[35m (0.0ms)[0m  begin transaction
  [1m[36mSQL (0.2ms)[0m  [1mINSERT INTO "lines" ("content", "created_at", "updated_at") VALUES (?, ?, ?)[0m  [["content", ""], ["created_at", "2014-08-10 14:37:11.068378"], ["updated_at", "2014-08-10 14:37:11.068378"]]
  [1m[35m (0.6ms)[0m  commit transaction
  [1m[36m (0.0ms)[0m  [1mbegin transaction[0m
  [1m[35mSQL (0.1ms)[0m  INSERT INTO "lines" ("content", "created_at", "updated_at") VALUES (?, ?, ?)  [["content", ""], ["created_at", "2014-08-10 14:37:11.069995"], ["updated_at", "2014-08-10 14:37:11.069995"]]
  [1m[36m (0.5ms)[0m  [1mcommit transaction[0m
  [1m[35m (0.1ms)[0m  begin transaction
  [1m[36mSQL (0.1ms)[0m  [1mINSERT INTO "lines" ("content", "created_at", "updated_at") VALUES (?, ?, ?)[0m  [["content", ""], ["created_at", "2014-08-10 14:37:11.071635"], ["updated_at", "2014-08-10 14:37:11.071635"]]
  [1m[35m (0.7ms)[0m  commit transaction
  [1m[36m (0.0ms)[0m  [1mbegin transaction[0m
  [1m[35mSQL (0.2ms)[0m  INSERT INTO "lines" ("content", "created_at", "updated_at") VALUES (?, ?, ?)  [["content", ""], ["created_at", "2014-08-10 14:37:11.073312"], ["updated_at", "2014-08-10 14:37:11.073312"]]
  [1m[36m (0.9ms)[0m  [1mcommit transaction[0m
  [1m[35m (0.0ms)[0m  begin transaction
  [1m[36mSQL (0.2ms)[0m  [1mINSERT INTO "lines" ("content", "created_at", "updated_at") VALUES (?, ?, ?)[0m  [["content", "ãŠã„ã§ãŠã„ã§ã‚ˆä»Šã™ãã«æŠœã‘å‡ºã—ã¦ãŠã„ã§"], ["created_at", "2014-08-10 14:37:11.075352"], ["updated_at", "2014-08-10 14:37:11.075352"]]
  [1m[35m (0.8ms)[0m  commit transaction
  [1m[36m (0.1ms)[0m  [1mbegin transaction[0m
  [1m[35mSQL (0.2ms)[0m  INSERT INTO "lines" ("content", "created_at", "updated_at") VALUES (?, ?, ?)  [["content", "ç°è‰²ã®æ•™å®¤ã®çª“ã®å¤–ã‹ã‚‰"], ["created_at", "2014-08-10 14:37:11.077539"], ["updated_at", "2014-08-10 14:37:11.077539"]]
  [1m[36m (0.8ms)[0m  [1mcommit transaction[0m
  [1m[35m (0.1ms)[0m  begin transaction
  [1m[36mSQL (0.2ms)[0m  [1mINSERT INTO "lines" ("content", "created_at", "updated_at") VALUES (?, ?, ?)[0m  [["content", "ãŠã„ã§ãŠã„ã§ã‚ˆä»Šã™ãã«æŠœã‘å‡ºã—ã¦ãŠã„ã§"], ["created_at", "2014-08-10 14:37:11.079645"], ["updated_at", "2014-08-10 14:37:11.079645"]]
  [1m[35m (0.7ms)[0m  commit transaction
  [1m[36m (0.0ms)[0m  [1mbegin transaction[0m
  [1m[35mSQL (0.1ms)[0m  INSERT INTO "lines" ("content", "created_at", "updated_at") VALUES (?, ?, ?)  [["content", "ç¾¤é’ã®ç©ºã«ä»Šæ—¥ã‚‚æœˆãŒè¼ã"], ["created_at", "2014-08-10 14:37:11.081463"], ["updated_at", "2014-08-10 14:37:11.081463"]]
  [1m[36m (0.6ms)[0m  [1mcommit transaction[0m
  [1m[35m (0.0ms)[0m  begin transaction
  [1m[36mSQL (0.2ms)[0m  [1mINSERT INTO "lines" ("content", "created_at", "updated_at") VALUES (?, ?, ?)[0m  [["content", "Uh Uh Uh(ã‚³ãƒ¼ãƒ©ã‚¹)"], ["created_at", "2014-08-10 14:37:11.083030"], ["updated_at", "2014-08-10 14:37:11.083030"]]
  [1m[35m (0.7ms)[0m  commit transaction
  [1m[36m (0.0ms)[0m  [1mbegin transaction[0m
  [1m[35mSQL (0.2ms)[0m  INSERT INTO "lines" ("content", "created_at", "updated_at") VALUES (?, ?, ?)  [["content", "å¤ã®é’ã„ç©ºã®ç™½ã„é›²ã«"], ["created_at", "2014-08-10 14:37:11.084709"], ["updated_at", "2014-08-10 14:37:11.084709"]]
  [1m[36m (0.7ms)[0m  [1mcommit transaction[0m
  [1m[35m (0.0ms)[0m  begin transaction
  [1m[36mSQL (0.2ms)[0m  [1mINSERT INTO "lines" ("content", "created_at", "updated_at") VALUES (?, ?, ?)[0m  [["content", "ã™ã„ã‹ã®èµ¤ãŒã«ã˜ã‚“ã "], ["created_at", "2014-08-10 14:37:11.086395"], ["updated_at", "2014-08-10 14:37:11.086395"]]
  [1m[35m (0.7ms)[0m  commit transaction
  [1m[36m (0.0ms)[0m  [1mbegin transaction[0m
  [1m[35mSQL (0.2ms)[0m  INSERT INTO "lines" ("content", "created_at", "updated_at") VALUES (?, ?, ?)  [["content", ""], ["created_at", "2014-08-10 14:37:11.088144"], ["updated_at", "2014-08-10 14:37:11.088144"]]
  [1m[36m (0.8ms)[0m  [1mcommit transaction[0m
  [1m[35m (0.1ms)[0m  begin transaction
  [1m[36mSQL (0.2ms)[0m  [1mINSERT INTO "lines" ("content", "created_at", "updated_at") VALUES (?, ?, ?)[0m  [["content", ""], ["created_at", "2014-08-10 14:37:11.090087"], ["updated_at", "2014-08-10 14:37:11.090087"]]
  [1m[35m (0.7ms)[0m  commit transaction
  [1m[36m (0.0ms)[0m  [1mbegin transaction[0m
  [1m[35mSQL (0.2ms)[0m  INSERT INTO "lines" ("content", "created_at", "updated_at") VALUES (?, ?, ?)  [["content", ""], ["created_at", "2014-08-10 14:37:11.091997"], ["updated_at", "2014-08-10 14:37:11.091997"]]
  [1m[36m (0.7ms)[0m  [1mcommit transaction[0m
  [1m[35m (0.1ms)[0m  begin transaction
  [1m[36mSQL (0.2ms)[0m  [1mINSERT INTO "lines" ("content", "created_at", "updated_at") VALUES (?, ?, ?)[0m  [["content", ""], ["created_at", "2014-08-10 14:37:11.093948"], ["updated_at", "2014-08-10 14:37:11.093948"]]
  [1m[35m (0.8ms)[0m  commit transaction
  [1m[36m (0.1ms)[0m  [1mbegin transaction[0m
  [1m[35mSQL (0.2ms)[0m  INSERT INTO "lines" ("content", "created_at", "updated_at") VALUES (?, ?, ?)  [["content", ""], ["created_at", "2014-08-10 14:37:11.096112"], ["updated_at", "2014-08-10 14:37:11.096112"]]
  [1m[36m (0.8ms)[0m  [1mcommit transaction[0m
  [1m[35m (0.0ms)[0m  begin transaction
  [1m[36mSQL (0.2ms)[0m  [1mINSERT INTO "lines" ("content", "created_at", "updated_at") VALUES (?, ?, ?)[0m  [["content", ""], ["created_at", "2014-08-10 14:37:11.098174"], ["updated_at", "2014-08-10 14:37:11.098174"]]
  [1m[35m (0.5ms)[0m  commit transaction
  [1m[36m (0.0ms)[0m  [1mbegin transaction[0m
  [1m[35mSQL (0.1ms)[0m  INSERT INTO "lines" ("content", "created_at", "updated_at") VALUES (?, ?, ?)  [["content", ""], ["created_at", "2014-08-10 14:37:11.099782"], ["updated_at", "2014-08-10 14:37:11.099782"]]
  [1m[36m (0.8ms)[0m  [1mcommit transaction[0m
  [1m[35m (0.0ms)[0m  begin transaction
  [1m[36mSQL (0.2ms)[0m  [1mINSERT INTO "lines" ("content", "created_at", "updated_at") VALUES (?, ?, ?)[0m  [["content", ""], ["created_at", "2014-08-10 14:37:11.101530"], ["updated_at", "2014-08-10 14:37:11.101530"]]
  [1m[35m (0.6ms)[0m  commit transaction
  [1m[36m (0.0ms)[0m  [1mbegin transaction[0m
  [1m[35mSQL (0.2ms)[0m  INSERT INTO "lines" ("content", "created_at", "updated_at") VALUES (?, ?, ?)  [["content", "ãŠã„ã§ãŠã„ã§ã‚ˆä»Šã™ãã«æŠœã‘å‡ºã—ã¦ãŠã„ã§"], ["created_at", "2014-08-10 14:37:11.103167"], ["updated_at", "2014-08-10 14:37:11.103167"]]
  [1m[36m (0.7ms)[0m  [1mcommit transaction[0m
  [1m[35m (0.0ms)[0m  begin transaction
  [1m[36mSQL (0.2ms)[0m  [1mINSERT INTO "lines" ("content", "created_at", "updated_at") VALUES (?, ?, ?)[0m  [["content", ""], ["created_at", "2014-08-10 14:37:11.104984"], ["updated_at", "2014-08-10 14:37:11.104984"]]
  [1m[35m (0.6ms)[0m  commit transaction
  [1m[36m (0.0ms)[0m  [1mbegin transaction[0m
  [1m[35mSQL (0.1ms)[0m  INSERT INTO "lines" ("content", "created_at", "updated_at") VALUES (?, ?, ?)  [["content", "ãŠã„ã§ãŠã„ã§ã‚ˆä»Šã™ãã«æŠœã‘å‡ºã—ã¦ãŠã„ã§"], ["created_at", "2014-08-10 14:37:11.106730"], ["updated_at", "2014-08-10 14:37:11.106730"]]
  [1m[36m (0.8ms)[0m  [1mcommit transaction[0m
  [1m[35m (0.0ms)[0m  begin transaction
  [1m[36mSQL (0.1ms)[0m  [1mINSERT INTO "lines" ("content", "created_at", "updated_at") VALUES (?, ?, ?)[0m  [["content", ""], ["created_at", "2014-08-10 14:37:11.108376"], ["updated_at", "2014-08-10 14:37:11.108376"]]
  [1m[35m (0.8ms)[0m  commit transaction
  [1m[36m (0.1ms)[0m  [1mbegin transaction[0m
  [1m[35mSQL (0.2ms)[0m  INSERT INTO "lines" ("content", "created_at", "updated_at") VALUES (?, ?, ?)  [["content", ""], ["created_at", "2014-08-10 14:37:11.110233"], ["updated_at", "2014-08-10 14:37:11.110233"]]
  [1m[36m (0.8ms)[0m  [1mcommit transaction[0m
  [1m[35m (0.1ms)[0m  begin transaction
  [1m[36mSQL (0.2ms)[0m  [1mINSERT INTO "lines" ("content", "created_at", "updated_at") VALUES (?, ?, ?)[0m  [["content", ""], ["created_at", "2014-08-10 14:37:11.112383"], ["updated_at", "2014-08-10 14:37:11.112383"]]
  [1m[35m (0.7ms)[0m  commit transaction
  [1m[36m (0.0ms)[0m  [1mbegin transaction[0m
  [1m[35mSQL (0.2ms)[0m  INSERT INTO "lines" ("content", "created_at", "updated_at") VALUES (?, ?, ?)  [["content", "ãªãœæ™‚ã¯æ‚²ã—ã¿ã‚’ã¤ã‚Œã¦ãã‚‹ã®ã ã‚ã†"], ["created_at", "2014-08-10 14:37:11.114140"], ["updated_at", "2014-08-10 14:37:11.114140"]]
  [1m[36m (0.8ms)[0m  [1mcommit transaction[0m
  [1m[35m (0.0ms)[0m  begin transaction
  [1m[36mSQL (0.2ms)[0m  [1mINSERT INTO "lines" ("content", "created_at", "updated_at") VALUES (?, ?, ?)[0m  [["content", "ãªãœ"], ["created_at", "2014-08-10 14:37:11.115909"], ["updated_at", "2014-08-10 14:37:11.115909"]]
  [1m[35m (0.7ms)[0m  commit transaction
  [1m[36m (0.1ms)[0m  [1mbegin transaction[0m
  [1m[35mSQL (0.2ms)[0m  INSERT INTO "lines" ("content", "created_at", "updated_at") VALUES (?, ?, ?)  [["content", ""], ["created_at", "2014-08-10 14:37:11.117914"], ["updated_at", "2014-08-10 14:37:11.117914"]]
  [1m[36m (0.7ms)[0m  [1mcommit transaction[0m
  [1m[35m (0.0ms)[0m  begin transaction
  [1m[36mSQL (0.2ms)[0m  [1mINSERT INTO "lines" ("content", "created_at", "updated_at") VALUES (?, ?, ?)[0m  [["content", "é»„é‡‘ã®åº­ã®ã¿ãˆã‚‹éƒ¨å±‹ã§"], ["created_at", "2014-08-10 14:37:11.119685"], ["updated_at", "2014-08-10 14:37:11.119685"]]
  [1m[35m (0.6ms)[0m  commit transaction
  [1m[36m (0.0ms)[0m  [1mbegin transaction[0m
  [1m[35mSQL (0.1ms)[0m  INSERT INTO "lines" ("content", "created_at", "updated_at") VALUES (?, ?, ?)  [["content", "å›ã¨å¤•é£Ÿã®ãƒ†ãƒ¼ãƒ–ãƒ«ã§è©±ãã†"], ["created_at", "2014-08-10 14:37:11.121264"], ["updated_at", "2014-08-10 14:37:11.121264"]]
  [1m[36m (0.9ms)[0m  [1mcommit transaction[0m
  [1m[35m (0.0ms)[0m  begin transaction
  [1m[36mSQL (0.2ms)[0m  [1mINSERT INTO "lines" ("content", "created_at", "updated_at") VALUES (?, ?, ?)[0m  [["content", ""], ["created_at", "2014-08-10 14:37:11.123044"], ["updated_at", "2014-08-10 14:37:11.123044"]]
  [1m[35m (0.7ms)[0m  commit transaction
  [1m[36m (0.0ms)[0m  [1mbegin transaction[0m
  [1m[35mSQL (0.2ms)[0m  INSERT INTO "lines" ("content", "created_at", "updated_at") VALUES (?, ?, ?)  [["content", ""], ["created_at", "2014-08-10 14:37:11.124779"], ["updated_at", "2014-08-10 14:37:11.124779"]]
  [1m[36m (0.7ms)[0m  [1mcommit transaction[0m
  [1m[35m (0.1ms)[0m  begin transaction
  [1m[36mSQL (0.2ms)[0m  [1mINSERT INTO "lines" ("content", "created_at", "updated_at") VALUES (?, ?, ?)[0m  [["content", "ãŠã„ã§ãŠã„ã§ã‚ˆä»Šã™ãã«æŠœã‘å‡ºã—ã¦ãŠã„ã§"], ["created_at", "2014-08-10 14:37:11.126667"], ["updated_at", "2014-08-10 14:37:11.126667"]]
  [1m[35m (0.8ms)[0m  commit transaction
  [1m[36m (0.0ms)[0m  [1mbegin transaction[0m
  [1m[35mSQL (0.2ms)[0m  INSERT INTO "lines" ("content", "created_at", "updated_at") VALUES (?, ?, ?)  [["content", ""], ["created_at", "2014-08-10 14:37:11.128614"], ["updated_at", "2014-08-10 14:37:11.128614"]]
  [1m[36m (0.6ms)[0m  [1mcommit transaction[0m
  [1m[35m (0.0ms)[0m  begin transaction
  [1m[36mSQL (0.1ms)[0m  [1mINSERT INTO "lines" ("content", "created_at", "updated_at") VALUES (?, ?, ?)[0m  [["content", "ãŠã„ã§ãŠã„ã§ã‚ˆä»Šã™ãã«æŠœã‘å‡ºã—ã¦ãŠã„ã§"], ["created_at", "2014-08-10 14:37:11.130357"], ["updated_at", "2014-08-10 14:37:11.130357"]]
  [1m[35m (0.8ms)[0m  commit transaction
  [1m[36m (0.0ms)[0m  [1mbegin transaction[0m
  [1m[35mSQL (0.2ms)[0m  INSERT INTO "lines" ("content", "created_at", "updated_at") VALUES (?, ?, ?)  [["content", "ç¾¤é’ã®ç©ºã«ä»Šæ—¥ã‚‚æ˜ŸãŒè¼ã"], ["created_at", "2014-08-10 14:37:11.132070"], ["updated_at", "2014-08-10 14:37:11.132070"]]
  [1m[36m (0.8ms)[0m  [1mcommit transaction[0m
  [1m[35m (0.0ms)[0m  begin transaction
  [1m[36mSQL (0.2ms)[0m  [1mINSERT INTO "lines" ("content", "created_at", "updated_at") VALUES (?, ?, ?)[0m  [["content", "Uh Uh Uh(ã‚³ãƒ¼ãƒ©ã‚¹)"], ["created_at", "2014-08-10 14:37:11.134051"], ["updated_at", "2014-08-10 14:37:11.134051"]]
  [1m[35m (0.6ms)[0m  commit transaction
  [1m[36m (0.0ms)[0m  [1mbegin transaction[0m
  [1m[35mSQL (0.2ms)[0m  INSERT INTO "lines" ("content", "created_at", "updated_at") VALUES (?, ?, ?)  [["content", "Uh Uh Uh(ã‚³ãƒ¼ãƒ©ã‚¹)"], ["created_at", "2014-08-10 14:37:11.135836"], ["updated_at", "2014-08-10 14:37:11.135836"]]
  [1m[36m (0.7ms)[0m  [1mcommit transaction[0m
  [1m[36mLine Load (1.3ms)[0m  [1mSELECT "lines".* FROM "lines"[0m
  [1m[35mLine Load (0.3ms)[0m  SELECT "lines".* FROM "lines"
  [1m[36mLine Load (0.4ms)[0m  [1mSELECT "lines".* FROM "lines"[0m


Started GET "/" for 127.0.0.1 at 2014-08-10 23:38:15 +0900
  [1m[36mActiveRecord::SchemaMigration Load (0.1ms)[0m  [1mSELECT "schema_migrations".* FROM "schema_migrations"[0m
Processing by HomeController#index as HTML
  [1m[35mLine Load (0.4ms)[0m  SELECT "lines".* FROM "lines"
  Rendered home/index.html.erb within layouts/application (7.9ms)
Completed 200 OK in 129ms (Views: 96.8ms | ActiveRecord: 0.7ms)


Started GET "/assets/comment.css?body=1" for 127.0.0.1 at 2014-08-10 23:38:16 +0900


Started GET "/assets/home.css?body=1" for 127.0.0.1 at 2014-08-10 23:38:16 +0900


Started GET "/assets/vote.css?body=1" for 127.0.0.1 at 2014-08-10 23:38:16 +0900


Started GET "/assets/application.css?body=1" for 127.0.0.1 at 2014-08-10 23:38:16 +0900


Started GET "/assets/turbolinks.js?body=1" for 127.0.0.1 at 2014-08-10 23:38:16 +0900


Started GET "/assets/home.js?body=1" for 127.0.0.1 at 2014-08-10 23:38:16 +0900


Started GET "/assets/line.js?body=1" for 127.0.0.1 at 2014-08-10 23:38:16 +0900


Started GET "/assets/line.css?body=1" for 127.0.0.1 at 2014-08-10 23:38:16 +0900


Started GET "/assets/jquery.js?body=1" for 127.0.0.1 at 2014-08-10 23:38:16 +0900


Started GET "/assets/comment.js?body=1" for 127.0.0.1 at 2014-08-10 23:38:16 +0900


Started GET "/assets/jquery_ujs.js?body=1" for 127.0.0.1 at 2014-08-10 23:38:16 +0900


Started GET "/assets/vote.js?body=1" for 127.0.0.1 at 2014-08-10 23:38:16 +0900


Started GET "/assets/application.js?body=1" for 127.0.0.1 at 2014-08-10 23:38:16 +0900


Started GET "/" for 127.0.0.1 at 2014-08-10 23:38:38 +0900
Processing by HomeController#index as HTML
  [1m[36mLine Load (0.3ms)[0m  [1mSELECT "lines".* FROM "lines"[0m
  Rendered home/index.html.erb within layouts/application (2.1ms)
Completed 200 OK in 9ms (Views: 8.4ms | ActiveRecord: 0.3ms)


Started GET "/assets/comment.css?body=1" for 127.0.0.1 at 2014-08-10 23:38:38 +0900


Started GET "/assets/line.css?body=1" for 127.0.0.1 at 2014-08-10 23:38:38 +0900


Started GET "/assets/home.css?body=1" for 127.0.0.1 at 2014-08-10 23:38:38 +0900


Started GET "/assets/application.css?body=1" for 127.0.0.1 at 2014-08-10 23:38:38 +0900


Started GET "/assets/jquery.js?body=1" for 127.0.0.1 at 2014-08-10 23:38:38 +0900


Started GET "/assets/turbolinks.js?body=1" for 127.0.0.1 at 2014-08-10 23:38:38 +0900


Started GET "/assets/jquery_ujs.js?body=1" for 127.0.0.1 at 2014-08-10 23:38:38 +0900


Started GET "/assets/vote.css?body=1" for 127.0.0.1 at 2014-08-10 23:38:38 +0900


Started GET "/assets/comment.js?body=1" for 127.0.0.1 at 2014-08-10 23:38:38 +0900


Started GET "/assets/home.js?body=1" for 127.0.0.1 at 2014-08-10 23:38:38 +0900


Started GET "/assets/line.js?body=1" for 127.0.0.1 at 2014-08-10 23:38:38 +0900


Started GET "/assets/vote.js?body=1" for 127.0.0.1 at 2014-08-10 23:38:38 +0900


Started GET "/assets/application.js?body=1" for 127.0.0.1 at 2014-08-10 23:38:38 +0900


Started GET "/" for 127.0.0.1 at 2014-08-10 23:40:36 +0900
Processing by HomeController#index as HTML
  [1m[35mLine Load (0.3ms)[0m  SELECT "lines".* FROM "lines"
  Rendered home/index.html.erb within layouts/application (2.8ms)
Completed 200 OK in 9ms (Views: 8.1ms | ActiveRecord: 0.3ms)


Started GET "/assets/comment.css?body=1" for 127.0.0.1 at 2014-08-10 23:40:36 +0900


Started GET "/assets/vote.css?body=1" for 127.0.0.1 at 2014-08-10 23:40:36 +0900


Started GET "/assets/line.css?body=1" for 127.0.0.1 at 2014-08-10 23:40:36 +0900


Started GET "/assets/home.css?body=1" for 127.0.0.1 at 2014-08-10 23:40:36 +0900


Started GET "/assets/jquery.js?body=1" for 127.0.0.1 at 2014-08-10 23:40:36 +0900


Started GET "/assets/application.css?body=1" for 127.0.0.1 at 2014-08-10 23:40:36 +0900


Started GET "/assets/jquery_ujs.js?body=1" for 127.0.0.1 at 2014-08-10 23:40:36 +0900


Started GET "/assets/turbolinks.js?body=1" for 127.0.0.1 at 2014-08-10 23:40:36 +0900


Started GET "/assets/comment.js?body=1" for 127.0.0.1 at 2014-08-10 23:40:36 +0900


Started GET "/assets/home.js?body=1" for 127.0.0.1 at 2014-08-10 23:40:36 +0900


Started GET "/assets/vote.js?body=1" for 127.0.0.1 at 2014-08-10 23:40:36 +0900


Started GET "/assets/application.js?body=1" for 127.0.0.1 at 2014-08-10 23:40:36 +0900


Started GET "/assets/line.js?body=1" for 127.0.0.1 at 2014-08-10 23:40:36 +0900


Started GET "/" for 127.0.0.1 at 2014-08-11 00:18:09 +0900
  [1m[36mActiveRecord::SchemaMigration Load (0.1ms)[0m  [1mSELECT "schema_migrations".* FROM "schema_migrations"[0m
Processing by HomeController#index as HTML
  [1m[35mLine Load (0.2ms)[0m  SELECT "lines".* FROM "lines"
  Rendered home/index.html.erb within layouts/application (36.9ms)
Completed 500 Internal Server Error in 64ms

ActionView::Template::Error (Missing partial ./_add_comment with {:locale=>[:en], :formats=>[:html], :variants=>[], :handlers=>[:erb, :builder, :raw, :ruby, :jbuilder, :coffee]}. Searched in:
  * "/Users/yuzus/Documents/andymori_oideyo/app/views"
):
     5: 		<p>&nbsp;</p>
     6: 	<%else%>
     7: 		<p><%= line.content %></p>
     8: 		<%=render partial: "./add_comment"%>
     9: 	<%end%>
    10: <%end%>
  app/views/home/index.html.erb:8:in `block in _app_views_home_index_html_erb___3039372343791326609_70289057480840'
  app/views/home/index.html.erb:3:in `_app_views_home_index_html_erb___3039372343791326609_70289057480840'


  Rendered /Library/Ruby/Gems/2.0.0/gems/actionpack-4.1.4/lib/action_dispatch/middleware/templates/rescues/_trace.html.erb (1.1ms)
  Rendered /Library/Ruby/Gems/2.0.0/gems/actionpack-4.1.4/lib/action_dispatch/middleware/templates/rescues/_request_and_response.html.erb (1.0ms)
  Rendered /Library/Ruby/Gems/2.0.0/gems/actionpack-4.1.4/lib/action_dispatch/middleware/templates/rescues/template_error.html.erb within rescues/layout (9.9ms)


Started GET "/" for 127.0.0.1 at 2014-08-11 00:18:10 +0900
Processing by HomeController#index as HTML
  [1m[36mLine Load (0.2ms)[0m  [1mSELECT "lines".* FROM "lines"[0m
  Rendered home/index.html.erb within layouts/application (1.8ms)
Completed 500 Internal Server Error in 4ms

ActionView::Template::Error (Missing partial ./_add_comment with {:locale=>[:en], :formats=>[:html], :variants=>[], :handlers=>[:erb, :builder, :raw, :ruby, :jbuilder, :coffee]}. Searched in:
  * "/Users/yuzus/Documents/andymori_oideyo/app/views"
):
     5: 		<p>&nbsp;</p>
     6: 	<%else%>
     7: 		<p><%= line.content %></p>
     8: 		<%=render partial: "./add_comment"%>
     9: 	<%end%>
    10: <%end%>
  app/views/home/index.html.erb:8:in `block in _app_views_home_index_html_erb___3039372343791326609_70289057480840'
  app/views/home/index.html.erb:3:in `_app_views_home_index_html_erb___3039372343791326609_70289057480840'


  Rendered /Library/Ruby/Gems/2.0.0/gems/actionpack-4.1.4/lib/action_dispatch/middleware/templates/rescues/_trace.html.erb (0.8ms)
  Rendered /Library/Ruby/Gems/2.0.0/gems/actionpack-4.1.4/lib/action_dispatch/middleware/templates/rescues/_request_and_response.html.erb (0.8ms)
  Rendered /Library/Ruby/Gems/2.0.0/gems/actionpack-4.1.4/lib/action_dispatch/middleware/templates/rescues/template_error.html.erb within rescues/layout (9.3ms)


Started GET "/" for 127.0.0.1 at 2014-08-11 00:18:25 +0900
Processing by HomeController#index as HTML
  [1m[35mLine Load (0.2ms)[0m  SELECT "lines".* FROM "lines"
  Rendered home/_add_comment.html.erb (0.3ms)
  Rendered home/_add_comment.html.erb (0.0ms)
  Rendered home/_add_comment.html.erb (0.0ms)
  Rendered home/_add_comment.html.erb (0.0ms)
  Rendered home/_add_comment.html.erb (0.0ms)
  Rendered home/_add_comment.html.erb (0.0ms)
  Rendered home/_add_comment.html.erb (0.0ms)
  Rendered home/_add_comment.html.erb (0.0ms)
  Rendered home/_add_comment.html.erb (0.0ms)
  Rendered home/_add_comment.html.erb (0.0ms)
  Rendered home/_add_comment.html.erb (0.0ms)
  Rendered home/_add_comment.html.erb (0.0ms)
  Rendered home/_add_comment.html.erb (0.0ms)
  Rendered home/_add_comment.html.erb (0.0ms)
  Rendered home/_add_comment.html.erb (0.0ms)
  Rendered home/_add_comment.html.erb (0.0ms)
  Rendered home/_add_comment.html.erb (0.0ms)
  Rendered home/_add_comment.html.erb (0.0ms)
  Rendered home/_add_comment.html.erb (0.0ms)
  Rendered home/_add_comment.html.erb (0.0ms)
  Rendered home/_add_comment.html.erb (0.0ms)
  Rendered home/_add_comment.html.erb (0.0ms)
  Rendered home/index.html.erb within layouts/application (10.9ms)
Completed 200 OK in 74ms (Views: 72.7ms | ActiveRecord: 0.2ms)


Started GET "/assets/vote.css?body=1" for 127.0.0.1 at 2014-08-11 00:18:25 +0900


Started GET "/assets/comment.css?body=1" for 127.0.0.1 at 2014-08-11 00:18:25 +0900


Started GET "/assets/line.css?body=1" for 127.0.0.1 at 2014-08-11 00:18:25 +0900


Started GET "/assets/home.css?body=1" for 127.0.0.1 at 2014-08-11 00:18:25 +0900


Started GET "/assets/jquery_ujs.js?body=1" for 127.0.0.1 at 2014-08-11 00:18:25 +0900


Started GET "/assets/application.css?body=1" for 127.0.0.1 at 2014-08-11 00:18:25 +0900


Started GET "/assets/jquery.js?body=1" for 127.0.0.1 at 2014-08-11 00:18:25 +0900


Started GET "/assets/turbolinks.js?body=1" for 127.0.0.1 at 2014-08-11 00:18:25 +0900


Started GET "/assets/comment.js?body=1" for 127.0.0.1 at 2014-08-11 00:18:25 +0900


Started GET "/assets/home.js?body=1" for 127.0.0.1 at 2014-08-11 00:18:25 +0900


Started GET "/assets/line.js?body=1" for 127.0.0.1 at 2014-08-11 00:18:25 +0900


Started GET "/assets/vote.js?body=1" for 127.0.0.1 at 2014-08-11 00:18:25 +0900


Started GET "/assets/application.js?body=1" for 127.0.0.1 at 2014-08-11 00:18:25 +0900


Started GET "/" for 127.0.0.1 at 2014-08-11 00:28:09 +0900
Processing by HomeController#index as HTML
  [1m[36mLine Load (0.3ms)[0m  [1mSELECT "lines".* FROM "lines"[0m
  Rendered home/_add_comment.html.erb (0.8ms)
  Rendered home/index.html.erb within layouts/application (5.9ms)
Completed 500 Internal Server Error in 10ms

ActionView::Template::Error (First argument in form cannot contain nil or be empty):
    1: <div class="add_comment_box">
    2: 	<%= form_for @comment, url:{action:"create"} do |f|%>
    3: 		<%= f.text_field :content%>
    4: 		<%= f.submit "submit"%>
    5: 	<%end%>
  app/views/home/_add_comment.html.erb:2:in `_app_views_home__add_comment_html_erb__3330024852119873896_70289057546620'
  app/views/home/index.html.erb:8:in `block in _app_views_home_index_html_erb___3039372343791326609_70289058040900'
  app/views/home/index.html.erb:3:in `_app_views_home_index_html_erb___3039372343791326609_70289058040900'


  Rendered /Library/Ruby/Gems/2.0.0/gems/actionpack-4.1.4/lib/action_dispatch/middleware/templates/rescues/_trace.html.erb (1.0ms)
  Rendered /Library/Ruby/Gems/2.0.0/gems/actionpack-4.1.4/lib/action_dispatch/middleware/templates/rescues/_request_and_response.html.erb (0.7ms)
  Rendered /Library/Ruby/Gems/2.0.0/gems/actionpack-4.1.4/lib/action_dispatch/middleware/templates/rescues/template_error.html.erb within rescues/layout (9.7ms)


Started GET "/" for 127.0.0.1 at 2014-08-11 00:49:44 +0900
Processing by HomeController#index as HTML
  [1m[35mLine Load (0.2ms)[0m  SELECT "lines".* FROM "lines"
  Rendered home/_add_comment.html.erb (50.4ms)
  Rendered home/index.html.erb within layouts/application (55.7ms)
Completed 500 Internal Server Error in 65ms

ActionView::Template::Error (No route matches {:action=>"create", :controller=>"home"}):
    1: <div class="add_comment_box">
    2: 	<%= form_for @comment, url:{action:"create"} do |f|%>
    3: 		<%= f.text_field :content%>
    4: 		<%= f.submit "submit"%>
    5: 	<%end%>
  app/views/home/_add_comment.html.erb:2:in `_app_views_home__add_comment_html_erb__3330024852119873896_70289057546620'
  app/views/home/index.html.erb:8:in `block in _app_views_home_index_html_erb___3039372343791326609_70289058040900'
  app/views/home/index.html.erb:3:in `_app_views_home_index_html_erb___3039372343791326609_70289058040900'


  Rendered /Library/Ruby/Gems/2.0.0/gems/actionpack-4.1.4/lib/action_dispatch/middleware/templates/rescues/_trace.html.erb (1.1ms)
  Rendered /Library/Ruby/Gems/2.0.0/gems/actionpack-4.1.4/lib/action_dispatch/middleware/templates/rescues/_request_and_response.html.erb (0.7ms)
  Rendered /Library/Ruby/Gems/2.0.0/gems/actionpack-4.1.4/lib/action_dispatch/middleware/templates/rescues/template_error.html.erb within rescues/layout (9.7ms)


Started GET "/" for 127.0.0.1 at 2014-08-11 00:49:46 +0900
Processing by HomeController#index as HTML
  [1m[36mLine Load (0.3ms)[0m  [1mSELECT "lines".* FROM "lines"[0m
  Rendered home/_add_comment.html.erb (1.4ms)
  Rendered home/index.html.erb within layouts/application (3.4ms)
Completed 500 Internal Server Error in 5ms

ActionView::Template::Error (No route matches {:action=>"create", :controller=>"home"}):
    1: <div class="add_comment_box">
    2: 	<%= form_for @comment, url:{action:"create"} do |f|%>
    3: 		<%= f.text_field :content%>
    4: 		<%= f.submit "submit"%>
    5: 	<%end%>
  app/views/home/_add_comment.html.erb:2:in `_app_views_home__add_comment_html_erb__3330024852119873896_70289057546620'
  app/views/home/index.html.erb:8:in `block in _app_views_home_index_html_erb___3039372343791326609_70289058040900'
  app/views/home/index.html.erb:3:in `_app_views_home_index_html_erb___3039372343791326609_70289058040900'


  Rendered /Library/Ruby/Gems/2.0.0/gems/actionpack-4.1.4/lib/action_dispatch/middleware/templates/rescues/_trace.html.erb (1.4ms)
  Rendered /Library/Ruby/Gems/2.0.0/gems/actionpack-4.1.4/lib/action_dispatch/middleware/templates/rescues/_request_and_response.html.erb (0.7ms)
  Rendered /Library/Ruby/Gems/2.0.0/gems/actionpack-4.1.4/lib/action_dispatch/middleware/templates/rescues/template_error.html.erb within rescues/layout (10.2ms)


Started GET "/" for 127.0.0.1 at 2014-08-11 00:50:33 +0900
Processing by HomeController#index as HTML
  [1m[35mLine Load (0.3ms)[0m  SELECT "lines".* FROM "lines"
  Rendered home/_add_comment.html.erb (1.6ms)
  Rendered home/index.html.erb within layouts/application (4.1ms)
Completed 500 Internal Server Error in 7ms

ActionView::Template::Error (No route matches {:action=>"create", :controller=>"comment"}):
    1: <div class="add_comment_box">
    2: 	<%= form_for @comment, url:{action:"create", controller:"comment"} do |f|%>
    3: 		<%= f.text_field :content%>
    4: 		<%= f.submit "submit"%>
    5: 	<%end%>
  app/views/home/_add_comment.html.erb:2:in `_app_views_home__add_comment_html_erb__3330024852119873896_70289058453600'
  app/views/home/index.html.erb:8:in `block in _app_views_home_index_html_erb___3039372343791326609_70289058040900'
  app/views/home/index.html.erb:3:in `_app_views_home_index_html_erb___3039372343791326609_70289058040900'


  Rendered /Library/Ruby/Gems/2.0.0/gems/actionpack-4.1.4/lib/action_dispatch/middleware/templates/rescues/_trace.html.erb (0.8ms)
  Rendered /Library/Ruby/Gems/2.0.0/gems/actionpack-4.1.4/lib/action_dispatch/middleware/templates/rescues/_request_and_response.html.erb (0.7ms)
  Rendered /Library/Ruby/Gems/2.0.0/gems/actionpack-4.1.4/lib/action_dispatch/middleware/templates/rescues/template_error.html.erb within rescues/layout (8.4ms)


Started GET "/" for 127.0.0.1 at 2014-08-11 00:50:34 +0900
Processing by HomeController#index as HTML
  [1m[36mLine Load (0.2ms)[0m  [1mSELECT "lines".* FROM "lines"[0m
  Rendered home/_add_comment.html.erb (1.4ms)
  Rendered home/index.html.erb within layouts/application (3.6ms)
Completed 500 Internal Server Error in 6ms

ActionView::Template::Error (No route matches {:action=>"create", :controller=>"comment"}):
    1: <div class="add_comment_box">
    2: 	<%= form_for @comment, url:{action:"create", controller:"comment"} do |f|%>
    3: 		<%= f.text_field :content%>
    4: 		<%= f.submit "submit"%>
    5: 	<%end%>
  app/views/home/_add_comment.html.erb:2:in `_app_views_home__add_comment_html_erb__3330024852119873896_70289058453600'
  app/views/home/index.html.erb:8:in `block in _app_views_home_index_html_erb___3039372343791326609_70289058040900'
  app/views/home/index.html.erb:3:in `_app_views_home_index_html_erb___3039372343791326609_70289058040900'


  Rendered /Library/Ruby/Gems/2.0.0/gems/actionpack-4.1.4/lib/action_dispatch/middleware/templates/rescues/_trace.html.erb (0.9ms)
  Rendered /Library/Ruby/Gems/2.0.0/gems/actionpack-4.1.4/lib/action_dispatch/middleware/templates/rescues/_request_and_response.html.erb (0.7ms)
  Rendered /Library/Ruby/Gems/2.0.0/gems/actionpack-4.1.4/lib/action_dispatch/middleware/templates/rescues/template_error.html.erb within rescues/layout (8.7ms)


Started GET "/" for 127.0.0.1 at 2014-08-11 00:50:35 +0900
Processing by HomeController#index as HTML
  [1m[35mLine Load (0.2ms)[0m  SELECT "lines".* FROM "lines"
  Rendered home/_add_comment.html.erb (1.1ms)
  Rendered home/index.html.erb within layouts/application (2.6ms)
Completed 500 Internal Server Error in 4ms

ActionView::Template::Error (No route matches {:action=>"create", :controller=>"comment"}):
    1: <div class="add_comment_box">
    2: 	<%= form_for @comment, url:{action:"create", controller:"comment"} do |f|%>
    3: 		<%= f.text_field :content%>
    4: 		<%= f.submit "submit"%>
    5: 	<%end%>
  app/views/home/_add_comment.html.erb:2:in `_app_views_home__add_comment_html_erb__3330024852119873896_70289058453600'
  app/views/home/index.html.erb:8:in `block in _app_views_home_index_html_erb___3039372343791326609_70289058040900'
  app/views/home/index.html.erb:3:in `_app_views_home_index_html_erb___3039372343791326609_70289058040900'


  Rendered /Library/Ruby/Gems/2.0.0/gems/actionpack-4.1.4/lib/action_dispatch/middleware/templates/rescues/_trace.html.erb (1.1ms)
  Rendered /Library/Ruby/Gems/2.0.0/gems/actionpack-4.1.4/lib/action_dispatch/middleware/templates/rescues/_request_and_response.html.erb (35.8ms)
  Rendered /Library/Ruby/Gems/2.0.0/gems/actionpack-4.1.4/lib/action_dispatch/middleware/templates/rescues/template_error.html.erb within rescues/layout (44.9ms)


Started GET "/" for 127.0.0.1 at 2014-08-11 00:58:27 +0900
Processing by HomeController#index as HTML
  [1m[36mLine Load (0.2ms)[0m  [1mSELECT "lines".* FROM "lines"[0m
  Rendered home/_add_comment.html.erb (4.8ms)
  Rendered home/index.html.erb within layouts/application (10.2ms)
Completed 500 Internal Server Error in 18ms

ActionView::Template::Error (No route matches {:action=>"create", :controller=>"comment"}):
    1: <div class="add_comment_box">
    2: 	<%= form_for @comment, url:{action:"create", controller:"comment"} do |f|%>
    3: 		<%= f.text_field :content%>
    4: 		<%= f.submit "submit"%>
    5: 	<%end%>
  app/views/home/_add_comment.html.erb:2:in `_app_views_home__add_comment_html_erb__3330024852119873896_70289058453600'
  app/views/home/index.html.erb:8:in `block in _app_views_home_index_html_erb___3039372343791326609_70289058040900'
  app/views/home/index.html.erb:3:in `_app_views_home_index_html_erb___3039372343791326609_70289058040900'


  Rendered /Library/Ruby/Gems/2.0.0/gems/actionpack-4.1.4/lib/action_dispatch/middleware/templates/rescues/_trace.html.erb (0.8ms)
  Rendered /Library/Ruby/Gems/2.0.0/gems/actionpack-4.1.4/lib/action_dispatch/middleware/templates/rescues/_request_and_response.html.erb (0.6ms)
  Rendered /Library/Ruby/Gems/2.0.0/gems/actionpack-4.1.4/lib/action_dispatch/middleware/templates/rescues/template_error.html.erb within rescues/layout (7.8ms)


Started GET "/" for 127.0.0.1 at 2014-08-11 00:58:30 +0900
Processing by HomeController#index as HTML
  [1m[35mLine Load (0.2ms)[0m  SELECT "lines".* FROM "lines"
  Rendered home/_add_comment.html.erb (1.0ms)
  Rendered home/index.html.erb within layouts/application (2.9ms)
Completed 500 Internal Server Error in 6ms

ActionView::Template::Error (No route matches {:action=>"create", :controller=>"comment"}):
    1: <div class="add_comment_box">
    2: 	<%= form_for @comment, url:{action:"create", controller:"comment"} do |f|%>
    3: 		<%= f.text_field :content%>
    4: 		<%= f.submit "submit"%>
    5: 	<%end%>
  app/views/home/_add_comment.html.erb:2:in `_app_views_home__add_comment_html_erb__3330024852119873896_70289058453600'
  app/views/home/index.html.erb:8:in `block in _app_views_home_index_html_erb___3039372343791326609_70289058040900'
  app/views/home/index.html.erb:3:in `_app_views_home_index_html_erb___3039372343791326609_70289058040900'


  Rendered /Library/Ruby/Gems/2.0.0/gems/actionpack-4.1.4/lib/action_dispatch/middleware/templates/rescues/_trace.html.erb (0.8ms)
  Rendered /Library/Ruby/Gems/2.0.0/gems/actionpack-4.1.4/lib/action_dispatch/middleware/templates/rescues/_request_and_response.html.erb (0.6ms)
  Rendered /Library/Ruby/Gems/2.0.0/gems/actionpack-4.1.4/lib/action_dispatch/middleware/templates/rescues/template_error.html.erb within rescues/layout (7.7ms)


Started GET "/" for 127.0.0.1 at 2014-08-11 00:58:32 +0900
Processing by HomeController#index as HTML
  [1m[36mLine Load (0.2ms)[0m  [1mSELECT "lines".* FROM "lines"[0m
  Rendered home/_add_comment.html.erb (1.0ms)
  Rendered home/index.html.erb within layouts/application (2.6ms)
Completed 500 Internal Server Error in 4ms

ActionView::Template::Error (No route matches {:action=>"create", :controller=>"comment"}):
    1: <div class="add_comment_box">
    2: 	<%= form_for @comment, url:{action:"create", controller:"comment"} do |f|%>
    3: 		<%= f.text_field :content%>
    4: 		<%= f.submit "submit"%>
    5: 	<%end%>
  app/views/home/_add_comment.html.erb:2:in `_app_views_home__add_comment_html_erb__3330024852119873896_70289058453600'
  app/views/home/index.html.erb:8:in `block in _app_views_home_index_html_erb___3039372343791326609_70289058040900'
  app/views/home/index.html.erb:3:in `_app_views_home_index_html_erb___3039372343791326609_70289058040900'


  Rendered /Library/Ruby/Gems/2.0.0/gems/actionpack-4.1.4/lib/action_dispatch/middleware/templates/rescues/_trace.html.erb (0.9ms)
  Rendered /Library/Ruby/Gems/2.0.0/gems/actionpack-4.1.4/lib/action_dispatch/middleware/templates/rescues/_request_and_response.html.erb (0.6ms)
  Rendered /Library/Ruby/Gems/2.0.0/gems/actionpack-4.1.4/lib/action_dispatch/middleware/templates/rescues/template_error.html.erb within rescues/layout (7.6ms)


Started GET "/" for 127.0.0.1 at 2014-08-11 00:59:18 +0900
Processing by HomeController#index as HTML
  [1m[35mLine Load (0.2ms)[0m  SELECT "lines".* FROM "lines"
  Rendered home/_add_comment.html.erb (1.4ms)
  Rendered home/index.html.erb within layouts/application (3.0ms)
Completed 500 Internal Server Error in 5ms

ActionView::Template::Error (No route matches {:action=>"create", :controller=>"comment"}):
    1: <div class="add_comment_box">
    2: 	<%= form_for @comment, url:{:action=>"create", :controller=>"comment"} do |f|%>
    3: 		<%= f.text_field :content%>
    4: 		<%= f.submit "submit"%>
    5: 	<%end%>
  app/views/home/_add_comment.html.erb:2:in `_app_views_home__add_comment_html_erb__3330024852119873896_70289060584460'
  app/views/home/index.html.erb:8:in `block in _app_views_home_index_html_erb___3039372343791326609_70289058040900'
  app/views/home/index.html.erb:3:in `_app_views_home_index_html_erb___3039372343791326609_70289058040900'


  Rendered /Library/Ruby/Gems/2.0.0/gems/actionpack-4.1.4/lib/action_dispatch/middleware/templates/rescues/_trace.html.erb (0.9ms)
  Rendered /Library/Ruby/Gems/2.0.0/gems/actionpack-4.1.4/lib/action_dispatch/middleware/templates/rescues/_request_and_response.html.erb (0.6ms)
  Rendered /Library/Ruby/Gems/2.0.0/gems/actionpack-4.1.4/lib/action_dispatch/middleware/templates/rescues/template_error.html.erb within rescues/layout (7.7ms)


Started GET "/" for 127.0.0.1 at 2014-08-11 00:59:20 +0900
Processing by HomeController#index as HTML
  [1m[36mLine Load (0.2ms)[0m  [1mSELECT "lines".* FROM "lines"[0m
  Rendered home/_add_comment.html.erb (1.1ms)
  Rendered home/index.html.erb within layouts/application (2.6ms)
Completed 500 Internal Server Error in 5ms

ActionView::Template::Error (No route matches {:action=>"create", :controller=>"comment"}):
    1: <div class="add_comment_box">
    2: 	<%= form_for @comment, url:{:action=>"create", :controller=>"comment"} do |f|%>
    3: 		<%= f.text_field :content%>
    4: 		<%= f.submit "submit"%>
    5: 	<%end%>
  app/views/home/_add_comment.html.erb:2:in `_app_views_home__add_comment_html_erb__3330024852119873896_70289060584460'
  app/views/home/index.html.erb:8:in `block in _app_views_home_index_html_erb___3039372343791326609_70289058040900'
  app/views/home/index.html.erb:3:in `_app_views_home_index_html_erb___3039372343791326609_70289058040900'


  Rendered /Library/Ruby/Gems/2.0.0/gems/actionpack-4.1.4/lib/action_dispatch/middleware/templates/rescues/_trace.html.erb (0.8ms)
  Rendered /Library/Ruby/Gems/2.0.0/gems/actionpack-4.1.4/lib/action_dispatch/middleware/templates/rescues/_request_and_response.html.erb (0.7ms)
  Rendered /Library/Ruby/Gems/2.0.0/gems/actionpack-4.1.4/lib/action_dispatch/middleware/templates/rescues/template_error.html.erb within rescues/layout (8.1ms)


Started GET "/" for 127.0.0.1 at 2014-08-11 01:00:23 +0900
Processing by HomeController#index as HTML
  [1m[35mLine Load (0.2ms)[0m  SELECT "lines".* FROM "lines"
  Rendered home/_add_comment.html.erb (4.5ms)
  Rendered home/index.html.erb within layouts/application (9.4ms)
Completed 500 Internal Server Error in 16ms

ActionView::Template::Error (No route matches {:action=>"create", :controller=>"comment"}):
    1: <div class="add_comment_box">
    2: 	<%= form_for @comment, url:{:action=>"create", :controller=>"comment"} do |f|%>
    3: 		<%= f.text_field :content%>
    4: 		<%= f.submit "submit"%>
    5: 	<%end%>
  app/views/home/_add_comment.html.erb:2:in `_app_views_home__add_comment_html_erb__3330024852119873896_70289058569600'
  app/views/home/index.html.erb:8:in `block in _app_views_home_index_html_erb___3039372343791326609_70289058040900'
  app/views/home/index.html.erb:3:in `_app_views_home_index_html_erb___3039372343791326609_70289058040900'


  Rendered /Library/Ruby/Gems/2.0.0/gems/actionpack-4.1.4/lib/action_dispatch/middleware/templates/rescues/_trace.html.erb (1.1ms)
  Rendered /Library/Ruby/Gems/2.0.0/gems/actionpack-4.1.4/lib/action_dispatch/middleware/templates/rescues/_request_and_response.html.erb (1.1ms)
  Rendered /Library/Ruby/Gems/2.0.0/gems/actionpack-4.1.4/lib/action_dispatch/middleware/templates/rescues/template_error.html.erb within rescues/layout (12.6ms)


Started GET "/" for 127.0.0.1 at 2014-08-11 01:00:26 +0900
Processing by HomeController#index as HTML
  [1m[36mLine Load (0.2ms)[0m  [1mSELECT "lines".* FROM "lines"[0m
  Rendered home/_add_comment.html.erb (1.0ms)
  Rendered home/index.html.erb within layouts/application (2.5ms)
Completed 500 Internal Server Error in 4ms

ActionView::Template::Error (No route matches {:action=>"create", :controller=>"comment"}):
    1: <div class="add_comment_box">
    2: 	<%= form_for @comment, url:{:action=>"create", :controller=>"comment"} do |f|%>
    3: 		<%= f.text_field :content%>
    4: 		<%= f.submit "submit"%>
    5: 	<%end%>
  app/views/home/_add_comment.html.erb:2:in `_app_views_home__add_comment_html_erb__3330024852119873896_70289058569600'
  app/views/home/index.html.erb:8:in `block in _app_views_home_index_html_erb___3039372343791326609_70289058040900'
  app/views/home/index.html.erb:3:in `_app_views_home_index_html_erb___3039372343791326609_70289058040900'


  Rendered /Library/Ruby/Gems/2.0.0/gems/actionpack-4.1.4/lib/action_dispatch/middleware/templates/rescues/_trace.html.erb (0.8ms)
  Rendered /Library/Ruby/Gems/2.0.0/gems/actionpack-4.1.4/lib/action_dispatch/middleware/templates/rescues/_request_and_response.html.erb (0.6ms)
  Rendered /Library/Ruby/Gems/2.0.0/gems/actionpack-4.1.4/lib/action_dispatch/middleware/templates/rescues/template_error.html.erb within rescues/layout (7.6ms)


Started GET "/" for 127.0.0.1 at 2014-08-11 01:01:38 +0900
Processing by HomeController#index as HTML
  [1m[35mLine Load (0.2ms)[0m  SELECT "lines".* FROM "lines"
  Rendered home/_add_comment.html.erb (4.1ms)
  Rendered home/_add_comment.html.erb (0.4ms)
  Rendered home/_add_comment.html.erb (0.4ms)
  Rendered home/_add_comment.html.erb (0.4ms)
  Rendered home/_add_comment.html.erb (0.4ms)
  Rendered home/_add_comment.html.erb (0.4ms)
  Rendered home/_add_comment.html.erb (0.4ms)
  Rendered home/_add_comment.html.erb (0.4ms)
  Rendered home/_add_comment.html.erb (0.4ms)
  Rendered home/_add_comment.html.erb (0.4ms)
  Rendered home/_add_comment.html.erb (0.4ms)
  Rendered home/_add_comment.html.erb (0.4ms)
  Rendered home/_add_comment.html.erb (0.3ms)
  Rendered home/_add_comment.html.erb (0.4ms)
  Rendered home/_add_comment.html.erb (0.3ms)
  Rendered home/_add_comment.html.erb (0.4ms)
  Rendered home/_add_comment.html.erb (0.4ms)
  Rendered home/_add_comment.html.erb (0.4ms)
  Rendered home/_add_comment.html.erb (0.4ms)
  Rendered home/_add_comment.html.erb (0.4ms)
  Rendered home/_add_comment.html.erb (0.4ms)
  Rendered home/_add_comment.html.erb (0.4ms)
  Rendered home/index.html.erb within layouts/application (24.4ms)
Completed 200 OK in 36ms (Views: 29.5ms | ActiveRecord: 0.7ms)


Started GET "/assets/home.css?body=1" for 127.0.0.1 at 2014-08-11 01:01:38 +0900


Started GET "/assets/line.css?body=1" for 127.0.0.1 at 2014-08-11 01:01:38 +0900


Started GET "/assets/vote.css?body=1" for 127.0.0.1 at 2014-08-11 01:01:38 +0900


Started GET "/assets/jquery.js?body=1" for 127.0.0.1 at 2014-08-11 01:01:38 +0900


Started GET "/assets/comment.css?body=1" for 127.0.0.1 at 2014-08-11 01:01:38 +0900


Started GET "/assets/application.css?body=1" for 127.0.0.1 at 2014-08-11 01:01:38 +0900


Started GET "/assets/jquery_ujs.js?body=1" for 127.0.0.1 at 2014-08-11 01:01:38 +0900


Started GET "/assets/turbolinks.js?body=1" for 127.0.0.1 at 2014-08-11 01:01:38 +0900


Started GET "/assets/comment.js?body=1" for 127.0.0.1 at 2014-08-11 01:01:38 +0900


Started GET "/assets/home.js?body=1" for 127.0.0.1 at 2014-08-11 01:01:38 +0900


Started GET "/assets/line.js?body=1" for 127.0.0.1 at 2014-08-11 01:01:38 +0900


Started GET "/assets/vote.js?body=1" for 127.0.0.1 at 2014-08-11 01:01:38 +0900


Started GET "/assets/application.js?body=1" for 127.0.0.1 at 2014-08-11 01:01:38 +0900
